This file contains any messages produced by compilers while
running configure, to aid debugging if configure makes a mistake.

It was created by asio configure 1.10.6, which was
generated by GNU Autoconf 2.69.  Invocation command line was

  $ ./configure --prefix=/media/lb/extend_ext4/ADG/adaptive_core/ara_LSP/asio --with-boost=/usr/local/include

## --------- ##
## Platform. ##
## --------- ##

hostname = lb-ThinkStation-P310
uname -m = x86_64
uname -r = 4.15.0-46-generic
uname -s = Linux
uname -v = #49~16.04.1-Ubuntu SMP Tue Feb 12 17:45:24 UTC 2019

/usr/bin/uname -p = unknown
/bin/uname -X     = unknown

/bin/arch              = unknown
/usr/bin/arch -k       = unknown
/usr/convex/getsysinfo = unknown
/usr/bin/hostinfo      = unknown
/bin/machine           = unknown
/usr/bin/oslevel       = unknown
/bin/universe          = unknown

PATH: /usr/local/sbin
PATH: /usr/local/bin
PATH: /usr/sbin
PATH: /usr/bin
PATH: /sbin
PATH: /bin
PATH: /snap/bin
PATH: /usr/lib/jvm/java-8-oracle/bin
PATH: /usr/lib/jvm/java-8-oracle/db/bin
PATH: /usr/lib/jvm/java-8-oracle/jre/bin


## ----------- ##
## Core tests. ##
## ----------- ##

configure:2116: checking whether to enable maintainer-specific portions of Makefiles
configure:2125: result: no
configure:2183: checking for a BSD-compatible install
configure:2251: result: /usr/bin/install -c
configure:2262: checking whether build environment is sane
configure:2317: result: yes
configure:2468: checking for a thread-safe mkdir -p
configure:2507: result: /bin/mkdir -p
configure:2514: checking for gawk
configure:2530: found /usr/bin/gawk
configure:2541: result: gawk
configure:2552: checking whether make sets $(MAKE)
configure:2574: result: yes
configure:2603: checking whether make supports nested variables
configure:2620: result: yes
configure:2709: checking whether UID '0' is supported by ustar format
configure:2712: result: yes
configure:2719: checking whether GID '0' is supported by ustar format
configure:2722: result: yes
configure:2730: checking how to create a ustar tar archive
configure:2741: tar --version
tar (GNU tar) 1.28
Copyright (C) 2014 Free Software Foundation, Inc.
License GPLv3+: GNU GPL version 3 or later <http://gnu.org/licenses/gpl.html>.
This is free software: you are free to change and redistribute it.
There is NO WARRANTY, to the extent permitted by law.

Written by John Gilmore and Jay Fenlason.
configure:2744: $? = 0
configure:2784: tardir=conftest.dir && eval tar --format=ustar -chf - "$tardir" >conftest.tar
configure:2787: $? = 0
configure:2791: tar -xf - <conftest.tar
configure:2794: $? = 0
configure:2796: cat conftest.dir/file
GrepMe
configure:2799: $? = 0
configure:2812: result: gnutar
configure:2867: checking build system type
configure:2881: result: x86_64-unknown-linux-gnu
configure:2901: checking host system type
configure:2914: result: x86_64-unknown-linux-gnu
configure:2946: checking for style of include used by make
configure:2974: result: GNU
configure:3045: checking for gcc
configure:3061: found /usr/bin/gcc
configure:3072: result: gcc
configure:3301: checking for C compiler version
configure:3310: gcc --version >&5
gcc (Ubuntu 5.4.0-6ubuntu1~16.04.11) 5.4.0 20160609
Copyright (C) 2015 Free Software Foundation, Inc.
This is free software; see the source for copying conditions.  There is NO
warranty; not even for MERCHANTABILITY or FITNESS FOR A PARTICULAR PURPOSE.

configure:3321: $? = 0
configure:3310: gcc -v >&5
Using built-in specs.
COLLECT_GCC=gcc
COLLECT_LTO_WRAPPER=/usr/lib/gcc/x86_64-linux-gnu/5/lto-wrapper
Target: x86_64-linux-gnu
Configured with: ../src/configure -v --with-pkgversion='Ubuntu 5.4.0-6ubuntu1~16.04.11' --with-bugurl=file:///usr/share/doc/gcc-5/README.Bugs --enable-languages=c,ada,c++,java,go,d,fortran,objc,obj-c++ --prefix=/usr --program-suffix=-5 --enable-shared --enable-linker-build-id --libexecdir=/usr/lib --without-included-gettext --enable-threads=posix --libdir=/usr/lib --enable-nls --with-sysroot=/ --enable-clocale=gnu --enable-libstdcxx-debug --enable-libstdcxx-time=yes --with-default-libstdcxx-abi=new --enable-gnu-unique-object --disable-vtable-verify --enable-libmpx --enable-plugin --with-system-zlib --disable-browser-plugin --enable-java-awt=gtk --enable-gtk-cairo --with-java-home=/usr/lib/jvm/java-1.5.0-gcj-5-amd64/jre --enable-java-home --with-jvm-root-dir=/usr/lib/jvm/java-1.5.0-gcj-5-amd64 --with-jvm-jar-dir=/usr/lib/jvm-exports/java-1.5.0-gcj-5-amd64 --with-arch-directory=amd64 --with-ecj-jar=/usr/share/java/eclipse-ecj.jar --enable-objc-gc --enable-multiarch --disable-werror --with-arch-32=i686 --with-abi=m64 --with-multilib-list=m32,m64,mx32 --enable-multilib --with-tune=generic --enable-checking=release --build=x86_64-linux-gnu --host=x86_64-linux-gnu --target=x86_64-linux-gnu
Thread model: posix
gcc version 5.4.0 20160609 (Ubuntu 5.4.0-6ubuntu1~16.04.11) 
configure:3321: $? = 0
configure:3310: gcc -V >&5
gcc: error: unrecognized command line option '-V'
gcc: fatal error: no input files
compilation terminated.
configure:3321: $? = 1
configure:3310: gcc -qversion >&5
gcc: error: unrecognized command line option '-qversion'
gcc: fatal error: no input files
compilation terminated.
configure:3321: $? = 1
configure:3341: checking whether the C compiler works
configure:3363: gcc    conftest.c  >&5
configure:3367: $? = 0
configure:3415: result: yes
configure:3418: checking for C compiler default output file name
configure:3420: result: a.out
configure:3426: checking for suffix of executables
configure:3433: gcc -o conftest    conftest.c  >&5
configure:3437: $? = 0
configure:3459: result: 
configure:3481: checking whether we are cross compiling
configure:3489: gcc -o conftest    conftest.c  >&5
configure:3493: $? = 0
configure:3500: ./conftest
configure:3504: $? = 0
configure:3519: result: no
configure:3524: checking for suffix of object files
configure:3546: gcc -c   conftest.c >&5
configure:3550: $? = 0
configure:3571: result: o
configure:3575: checking whether we are using the GNU C compiler
configure:3594: gcc -c   conftest.c >&5
configure:3594: $? = 0
configure:3603: result: yes
configure:3612: checking whether gcc accepts -g
configure:3632: gcc -c -g  conftest.c >&5
configure:3632: $? = 0
configure:3673: result: yes
configure:3690: checking for gcc option to accept ISO C89
configure:3753: gcc  -c -g -O2  conftest.c >&5
configure:3753: $? = 0
configure:3766: result: none needed
configure:3791: checking whether gcc understands -c and -o together
configure:3813: gcc -c conftest.c -o conftest2.o
configure:3816: $? = 0
configure:3813: gcc -c conftest.c -o conftest2.o
configure:3816: $? = 0
configure:3828: result: yes
configure:3847: checking dependency style of gcc
configure:3958: result: gcc3
configure:4032: checking for g++
configure:4048: found /usr/bin/g++
configure:4059: result: g++
configure:4086: checking for C++ compiler version
configure:4095: g++ --version >&5
g++ (Ubuntu 5.4.0-6ubuntu1~16.04.11) 5.4.0 20160609
Copyright (C) 2015 Free Software Foundation, Inc.
This is free software; see the source for copying conditions.  There is NO
warranty; not even for MERCHANTABILITY or FITNESS FOR A PARTICULAR PURPOSE.

configure:4106: $? = 0
configure:4095: g++ -v >&5
Using built-in specs.
COLLECT_GCC=g++
COLLECT_LTO_WRAPPER=/usr/lib/gcc/x86_64-linux-gnu/5/lto-wrapper
Target: x86_64-linux-gnu
Configured with: ../src/configure -v --with-pkgversion='Ubuntu 5.4.0-6ubuntu1~16.04.11' --with-bugurl=file:///usr/share/doc/gcc-5/README.Bugs --enable-languages=c,ada,c++,java,go,d,fortran,objc,obj-c++ --prefix=/usr --program-suffix=-5 --enable-shared --enable-linker-build-id --libexecdir=/usr/lib --without-included-gettext --enable-threads=posix --libdir=/usr/lib --enable-nls --with-sysroot=/ --enable-clocale=gnu --enable-libstdcxx-debug --enable-libstdcxx-time=yes --with-default-libstdcxx-abi=new --enable-gnu-unique-object --disable-vtable-verify --enable-libmpx --enable-plugin --with-system-zlib --disable-browser-plugin --enable-java-awt=gtk --enable-gtk-cairo --with-java-home=/usr/lib/jvm/java-1.5.0-gcj-5-amd64/jre --enable-java-home --with-jvm-root-dir=/usr/lib/jvm/java-1.5.0-gcj-5-amd64 --with-jvm-jar-dir=/usr/lib/jvm-exports/java-1.5.0-gcj-5-amd64 --with-arch-directory=amd64 --with-ecj-jar=/usr/share/java/eclipse-ecj.jar --enable-objc-gc --enable-multiarch --disable-werror --with-arch-32=i686 --with-abi=m64 --with-multilib-list=m32,m64,mx32 --enable-multilib --with-tune=generic --enable-checking=release --build=x86_64-linux-gnu --host=x86_64-linux-gnu --target=x86_64-linux-gnu
Thread model: posix
gcc version 5.4.0 20160609 (Ubuntu 5.4.0-6ubuntu1~16.04.11) 
configure:4106: $? = 0
configure:4095: g++ -V >&5
g++: error: unrecognized command line option '-V'
g++: fatal error: no input files
compilation terminated.
configure:4106: $? = 1
configure:4095: g++ -qversion >&5
g++: error: unrecognized command line option '-qversion'
g++: fatal error: no input files
compilation terminated.
configure:4106: $? = 1
configure:4110: checking whether we are using the GNU C++ compiler
configure:4129: g++ -c   conftest.cpp >&5
configure:4129: $? = 0
configure:4138: result: yes
configure:4147: checking whether g++ accepts -g
configure:4167: g++ -c -g  conftest.cpp >&5
configure:4167: $? = 0
configure:4208: result: yes
configure:4233: checking dependency style of g++
configure:4344: result: gcc3
configure:4408: checking for ranlib
configure:4424: found /usr/bin/ranlib
configure:4435: result: ranlib
configure:4633: checking how to run the C++ preprocessor
configure:4660: g++ -E  -I/usr/local/include conftest.cpp
configure:4660: $? = 0
configure:4674: g++ -E  -I/usr/local/include conftest.cpp
conftest.cpp:12:28: fatal error: ac_nonexistent.h: No such file or directory
compilation terminated.
configure:4674: $? = 1
configure: failed program was:
| /* confdefs.h */
| #define PACKAGE_NAME "asio"
| #define PACKAGE_TARNAME "asio"
| #define PACKAGE_VERSION "1.10.6"
| #define PACKAGE_STRING "asio 1.10.6"
| #define PACKAGE_BUGREPORT ""
| #define PACKAGE_URL ""
| #define PACKAGE "asio"
| #define VERSION "1.10.6"
| #define _REENTRANT 1
| /* end confdefs.h.  */
| #include <ac_nonexistent.h>
configure:4699: result: g++ -E
configure:4719: g++ -E  -I/usr/local/include conftest.cpp
configure:4719: $? = 0
configure:4733: g++ -E  -I/usr/local/include conftest.cpp
conftest.cpp:12:28: fatal error: ac_nonexistent.h: No such file or directory
compilation terminated.
configure:4733: $? = 1
configure: failed program was:
| /* confdefs.h */
| #define PACKAGE_NAME "asio"
| #define PACKAGE_TARNAME "asio"
| #define PACKAGE_VERSION "1.10.6"
| #define PACKAGE_STRING "asio 1.10.6"
| #define PACKAGE_BUGREPORT ""
| #define PACKAGE_URL ""
| #define PACKAGE "asio"
| #define VERSION "1.10.6"
| #define _REENTRANT 1
| /* end confdefs.h.  */
| #include <ac_nonexistent.h>
configure:4762: checking for grep that handles long lines and -e
configure:4820: result: /bin/grep
configure:4825: checking for egrep
configure:4887: result: /bin/grep -E
configure:4892: checking for ANSI C header files
configure:4912: g++ -c -g -O2  -I/usr/local/include conftest.cpp >&5
configure:4912: $? = 0
configure:4985: g++ -o conftest -g -O2  -I/usr/local/include  conftest.cpp  -L/usr/local/include/stage/lib >&5
configure:4985: $? = 0
configure:4985: ./conftest
configure:4985: $? = 0
configure:4996: result: yes
configure:5009: checking for sys/types.h
configure:5009: g++ -c -g -O2  -I/usr/local/include conftest.cpp >&5
configure:5009: $? = 0
configure:5009: result: yes
configure:5009: checking for sys/stat.h
configure:5009: g++ -c -g -O2  -I/usr/local/include conftest.cpp >&5
configure:5009: $? = 0
configure:5009: result: yes
configure:5009: checking for stdlib.h
configure:5009: g++ -c -g -O2  -I/usr/local/include conftest.cpp >&5
configure:5009: $? = 0
configure:5009: result: yes
configure:5009: checking for string.h
configure:5009: g++ -c -g -O2  -I/usr/local/include conftest.cpp >&5
configure:5009: $? = 0
configure:5009: result: yes
configure:5009: checking for memory.h
configure:5009: g++ -c -g -O2  -I/usr/local/include conftest.cpp >&5
configure:5009: $? = 0
configure:5009: result: yes
configure:5009: checking for strings.h
configure:5009: g++ -c -g -O2  -I/usr/local/include conftest.cpp >&5
configure:5009: $? = 0
configure:5009: result: yes
configure:5009: checking for inttypes.h
configure:5009: g++ -c -g -O2  -I/usr/local/include conftest.cpp >&5
configure:5009: $? = 0
configure:5009: result: yes
configure:5009: checking for stdint.h
configure:5009: g++ -c -g -O2  -I/usr/local/include conftest.cpp >&5
configure:5009: $? = 0
configure:5009: result: yes
configure:5009: checking for unistd.h
configure:5009: g++ -c -g -O2  -I/usr/local/include conftest.cpp >&5
configure:5009: $? = 0
configure:5009: result: yes
configure:5021: checking boost/noncopyable.hpp usability
configure:5021: g++ -c -g -O2  -I/usr/local/include conftest.cpp >&5
configure:5021: $? = 0
configure:5021: result: yes
configure:5021: checking boost/noncopyable.hpp presence
configure:5021: g++ -E  -I/usr/local/include conftest.cpp
configure:5021: $? = 0
configure:5021: result: yes
configure:5021: checking for boost/noncopyable.hpp
configure:5021: result: yes
configure:5044: checking openssl/ssl.h usability
configure:5044: g++ -c -g -O2  -I/usr/local/include conftest.cpp >&5
configure:5044: $? = 0
configure:5044: result: yes
configure:5044: checking openssl/ssl.h presence
configure:5044: g++ -E  -I/usr/local/include conftest.cpp
configure:5044: $? = 0
configure:5044: result: yes
configure:5044: checking for openssl/ssl.h
configure:5044: result: yes
configure:5310: checking that generated files are newer than configure
configure:5316: result: done
configure:5363: creating ./config.status

## ---------------------- ##
## Running config.status. ##
## ---------------------- ##

This file was extended by asio config.status 1.10.6, which was
generated by GNU Autoconf 2.69.  Invocation command line was

  CONFIG_FILES    = 
  CONFIG_HEADERS  = 
  CONFIG_LINKS    = 
  CONFIG_COMMANDS = 
  $ ./config.status 

on lb-ThinkStation-P310

config.status:809: creating Makefile
config.status:809: creating include/Makefile
config.status:809: creating src/Makefile
config.status:809: creating src/tests/Makefile
config.status:809: creating src/examples/cpp03/Makefile
config.status:809: creating src/examples/cpp11/Makefile
config.status:981: executing depfiles commands

## ---------------- ##
## Cache variables. ##
## ---------------- ##

ac_cv_build=x86_64-unknown-linux-gnu
ac_cv_c_compiler_gnu=yes
ac_cv_cxx_compiler_gnu=yes
ac_cv_env_CCC_set=
ac_cv_env_CCC_value=
ac_cv_env_CC_set=
ac_cv_env_CC_value=
ac_cv_env_CFLAGS_set=
ac_cv_env_CFLAGS_value=
ac_cv_env_CPPFLAGS_set=
ac_cv_env_CPPFLAGS_value=
ac_cv_env_CXXCPP_set=
ac_cv_env_CXXCPP_value=
ac_cv_env_CXXFLAGS_set=
ac_cv_env_CXXFLAGS_value=
ac_cv_env_CXX_set=
ac_cv_env_CXX_value=
ac_cv_env_LDFLAGS_set=
ac_cv_env_LDFLAGS_value=
ac_cv_env_LIBS_set=
ac_cv_env_LIBS_value=
ac_cv_env_build_alias_set=
ac_cv_env_build_alias_value=
ac_cv_env_host_alias_set=
ac_cv_env_host_alias_value=
ac_cv_env_target_alias_set=
ac_cv_env_target_alias_value=
ac_cv_header_boost_noncopyable_hpp=yes
ac_cv_header_inttypes_h=yes
ac_cv_header_memory_h=yes
ac_cv_header_openssl_ssl_h=yes
ac_cv_header_stdc=yes
ac_cv_header_stdint_h=yes
ac_cv_header_stdlib_h=yes
ac_cv_header_string_h=yes
ac_cv_header_strings_h=yes
ac_cv_header_sys_stat_h=yes
ac_cv_header_sys_types_h=yes
ac_cv_header_unistd_h=yes
ac_cv_host=x86_64-unknown-linux-gnu
ac_cv_objext=o
ac_cv_path_EGREP='/bin/grep -E'
ac_cv_path_GREP=/bin/grep
ac_cv_path_install='/usr/bin/install -c'
ac_cv_path_mkdir=/bin/mkdir
ac_cv_prog_AWK=gawk
ac_cv_prog_CXXCPP='g++ -E'
ac_cv_prog_ac_ct_CC=gcc
ac_cv_prog_ac_ct_CXX=g++
ac_cv_prog_ac_ct_RANLIB=ranlib
ac_cv_prog_cc_c89=
ac_cv_prog_cc_g=yes
ac_cv_prog_cxx_g=yes
ac_cv_prog_make_make_set=yes
am_cv_CC_dependencies_compiler_type=gcc3
am_cv_CXX_dependencies_compiler_type=gcc3
am_cv_make_support_nested_variables=yes
am_cv_prog_cc_c_o=yes
am_cv_prog_tar_ustar=gnutar

## ----------------- ##
## Output variables. ##
## ----------------- ##

ACLOCAL='${SHELL} /media/lb/extend_ext4/ADG/adaptive_core/ara_LSP/asio-1.10.6/missing aclocal-1.14'
AMDEPBACKSLASH='\'
AMDEP_FALSE='#'
AMDEP_TRUE=''
AMTAR='$${TAR-tar}'
AM_BACKSLASH='\'
AM_DEFAULT_V='$(AM_DEFAULT_VERBOSITY)'
AM_DEFAULT_VERBOSITY='1'
AM_V='$(V)'
AUTOCONF='${SHELL} /media/lb/extend_ext4/ADG/adaptive_core/ara_LSP/asio-1.10.6/missing autoconf'
AUTOHEADER='${SHELL} /media/lb/extend_ext4/ADG/adaptive_core/ara_LSP/asio-1.10.6/missing autoheader'
AUTOMAKE='${SHELL} /media/lb/extend_ext4/ADG/adaptive_core/ara_LSP/asio-1.10.6/missing automake-1.14'
AWK='gawk'
CC='gcc'
CCDEPMODE='depmode=gcc3'
CFLAGS='-g -O2'
CPPFLAGS=' -I/usr/local/include'
CXX='g++'
CXXCPP='g++ -E'
CXXDEPMODE='depmode=gcc3'
CXXFLAGS='-g -O2 -pthread -ftemplate-depth-256'
CYGPATH_W='echo'
DEFS='-DPACKAGE_NAME=\"asio\" -DPACKAGE_TARNAME=\"asio\" -DPACKAGE_VERSION=\"1.10.6\" -DPACKAGE_STRING=\"asio\ 1.10.6\" -DPACKAGE_BUGREPORT=\"\" -DPACKAGE_URL=\"\" -DPACKAGE=\"asio\" -DVERSION=\"1.10.6\" -D_REENTRANT=1 -DSTDC_HEADERS=1 -DHAVE_SYS_TYPES_H=1 -DHAVE_SYS_STAT_H=1 -DHAVE_STDLIB_H=1 -DHAVE_STRING_H=1 -DHAVE_MEMORY_H=1 -DHAVE_STRINGS_H=1 -DHAVE_INTTYPES_H=1 -DHAVE_STDINT_H=1 -DHAVE_UNISTD_H=1'
DEPDIR='.deps'
ECHO_C=''
ECHO_N='-n'
ECHO_T=''
EGREP='/bin/grep -E'
EXEEXT=''
GREP='/bin/grep'
HAVE_BOOST_COROUTINE_FALSE=''
HAVE_BOOST_COROUTINE_TRUE='#'
HAVE_OPENSSL_FALSE='#'
HAVE_OPENSSL_TRUE=''
INSTALL_DATA='${INSTALL} -m 644'
INSTALL_PROGRAM='${INSTALL}'
INSTALL_SCRIPT='${INSTALL}'
INSTALL_STRIP_PROGRAM='$(install_sh) -c -s'
LDFLAGS=' -pthread'
LIBOBJS=''
LIBS=' -L/usr/local/include/stage/lib -lssl -lcrypto'
LTLIBOBJS=''
MAINT='#'
MAINTAINER_MODE_FALSE=''
MAINTAINER_MODE_TRUE='#'
MAKEINFO='${SHELL} /media/lb/extend_ext4/ADG/adaptive_core/ara_LSP/asio-1.10.6/missing makeinfo'
MKDIR_P='/bin/mkdir -p'
OBJEXT='o'
PACKAGE='asio'
PACKAGE_BUGREPORT=''
PACKAGE_NAME='asio'
PACKAGE_STRING='asio 1.10.6'
PACKAGE_TARNAME='asio'
PACKAGE_URL=''
PACKAGE_VERSION='1.10.6'
PATH_SEPARATOR=':'
RANLIB='ranlib'
SEPARATE_COMPILATION_FALSE=''
SEPARATE_COMPILATION_TRUE='#'
SET_MAKE=''
SHELL='/bin/bash'
STANDALONE_FALSE=''
STANDALONE_TRUE='#'
STRIP=''
VERSION='1.10.6'
WINDOWS_TARGET_FALSE=''
WINDOWS_TARGET_TRUE='#'
ac_ct_CC='gcc'
ac_ct_CXX='g++'
am__EXEEXT_FALSE=''
am__EXEEXT_TRUE='#'
am__fastdepCC_FALSE='#'
am__fastdepCC_TRUE=''
am__fastdepCXX_FALSE='#'
am__fastdepCXX_TRUE=''
am__include='include'
am__isrc=''
am__leading_dot='.'
am__nodep='_no'
am__quote=''
am__tar='tar --format=ustar -chf - "$$tardir"'
am__untar='tar -xf -'
bindir='${exec_prefix}/bin'
build='x86_64-unknown-linux-gnu'
build_alias=''
build_cpu='x86_64'
build_os='linux-gnu'
build_vendor='unknown'
datadir='${datarootdir}'
datarootdir='${prefix}/share'
docdir='${datarootdir}/doc/${PACKAGE_TARNAME}'
dvidir='${docdir}'
exec_prefix='${prefix}'
host='x86_64-unknown-linux-gnu'
host_alias=''
host_cpu='x86_64'
host_os='linux-gnu'
host_vendor='unknown'
htmldir='${docdir}'
includedir='${prefix}/include'
infodir='${datarootdir}/info'
install_sh='${SHELL} /media/lb/extend_ext4/ADG/adaptive_core/ara_LSP/asio-1.10.6/install-sh'
libdir='${exec_prefix}/lib'
libexecdir='${exec_prefix}/libexec'
localedir='${datarootdir}/locale'
localstatedir='${prefix}/var'
mandir='${datarootdir}/man'
mkdir_p='$(MKDIR_P)'
oldincludedir='/usr/include'
pdfdir='${docdir}'
prefix='/media/lb/extend_ext4/ADG/adaptive_core/ara_LSP/asio'
program_transform_name='s,x,x,'
psdir='${docdir}'
sbindir='${exec_prefix}/sbin'
sharedstatedir='${prefix}/com'
sysconfdir='${prefix}/etc'
target_alias=''

## ----------- ##
## confdefs.h. ##
## ----------- ##

/* confdefs.h */
#define PACKAGE_NAME "asio"
#define PACKAGE_TARNAME "asio"
#define PACKAGE_VERSION "1.10.6"
#define PACKAGE_STRING "asio 1.10.6"
#define PACKAGE_BUGREPORT ""
#define PACKAGE_URL ""
#define PACKAGE "asio"
#define VERSION "1.10.6"
#define _REENTRANT 1
#define STDC_HEADERS 1
#define HAVE_SYS_TYPES_H 1
#define HAVE_SYS_STAT_H 1
#define HAVE_STDLIB_H 1
#define HAVE_STRING_H 1
#define HAVE_MEMORY_H 1
#define HAVE_STRINGS_H 1
#define HAVE_INTTYPES_H 1
#define HAVE_STDINT_H 1
#define HAVE_UNISTD_H 1

configure: exit 0
